<?xml version="1.0" encoding="UTF-8"?>
<testng-results ignored="0" total="1" passed="0" failed="1" skipped="0">
  <reporter-output>
  </reporter-output>
  <suite started-at="2022-05-20T15:19:30 IST" name="Default suite" finished-at="2022-05-20T15:19:40 IST" duration-ms="9749">
    <groups>
    </groups>
    <test started-at="2022-05-20T15:19:30 IST" name="Default test" finished-at="2022-05-20T15:19:40 IST" duration-ms="9749">
      <class name="in.co.mercuryTravels.tests.MercuryTravelTestcases">
        <test-method is-config="true" signature="preSetup()[pri:0, instance:in.co.mercuryTravels.tests.MercuryTravelTestcases@6da21078]" started-at="2022-05-20T15:19:30 IST" name="preSetup" finished-at="2022-05-20T15:19:30 IST" duration-ms="184" status="PASS">
          <reporter-output>
          </reporter-output>
        </test-method> <!-- preSetup -->
        <test-method is-config="true" signature="setup()[pri:0, instance:in.co.mercuryTravels.tests.MercuryTravelTestcases@6da21078]" started-at="2022-05-20T15:19:30 IST" name="setup" finished-at="2022-05-20T15:19:35 IST" duration-ms="4343" status="PASS">
          <reporter-output>
          </reporter-output>
        </test-method> <!-- setup -->
        <test-method signature="verifyUserLoginWithCorrectCredential()[pri:0, instance:in.co.mercuryTravels.tests.MercuryTravelTestcases@6da21078]" started-at="2022-05-20T15:19:35 IST" name="verifyUserLoginWithCorrectCredential" finished-at="2022-05-20T15:19:38 IST" duration-ms="3831" status="FAIL">
          <exception class="java.lang.AssertionError">
            <message>
              <![CDATA[expected [Welcome, Saurabh 1] but found [Welcome, Saurabh]]]>
            </message>
            <full-stacktrace>
              <![CDATA[java.lang.AssertionError: expected [Welcome, Saurabh 1] but found [Welcome, Saurabh]
at org.testng.Assert.fail(Assert.java:99)
at org.testng.Assert.failNotEquals(Assert.java:1037)
at org.testng.Assert.assertEqualsImpl(Assert.java:140)
at org.testng.Assert.assertEquals(Assert.java:122)
at org.testng.Assert.assertEquals(Assert.java:629)
at org.testng.Assert.assertEquals(Assert.java:639)
at in.co.mercuryTravels.tests.MercuryTravelTestcases.verifyUserLoginWithCorrectCredential(MercuryTravelTestcases.java:24)
at java.base/jdk.internal.reflect.NativeMethodAccessorImpl.invoke0(Native Method)
at java.base/jdk.internal.reflect.NativeMethodAccessorImpl.invoke(NativeMethodAccessorImpl.java:78)
at java.base/jdk.internal.reflect.DelegatingMethodAccessorImpl.invoke(DelegatingMethodAccessorImpl.java:43)
at java.base/java.lang.reflect.Method.invoke(Method.java:567)
at org.testng.internal.MethodInvocationHelper.invokeMethod(MethodInvocationHelper.java:133)
at org.testng.internal.TestInvoker.invokeMethod(TestInvoker.java:598)
at org.testng.internal.TestInvoker.invokeTestMethod(TestInvoker.java:173)
at org.testng.internal.MethodRunner.runInSequence(MethodRunner.java:46)
at org.testng.internal.TestInvoker$MethodInvocationAgent.invoke(TestInvoker.java:824)
at org.testng.internal.TestInvoker.invokeTestMethods(TestInvoker.java:146)
at org.testng.internal.TestMethodWorker.invokeTestMethods(TestMethodWorker.java:146)
at org.testng.internal.TestMethodWorker.run(TestMethodWorker.java:128)
at java.base/java.util.ArrayList.forEach(ArrayList.java:1511)
at org.testng.TestRunner.privateRun(TestRunner.java:794)
at org.testng.TestRunner.run(TestRunner.java:596)
at org.testng.SuiteRunner.runTest(SuiteRunner.java:377)
at org.testng.SuiteRunner.runSequentially(SuiteRunner.java:371)
at org.testng.SuiteRunner.privateRun(SuiteRunner.java:332)
at org.testng.SuiteRunner.run(SuiteRunner.java:276)
at org.testng.SuiteRunnerWorker.runSuite(SuiteRunnerWorker.java:53)
at org.testng.SuiteRunnerWorker.run(SuiteRunnerWorker.java:96)
at org.testng.TestNG.runSuitesSequentially(TestNG.java:1212)
at org.testng.TestNG.runSuitesLocally(TestNG.java:1134)
at org.testng.TestNG.runSuites(TestNG.java:1063)
at org.testng.TestNG.run(TestNG.java:1031)
at org.testng.remote.AbstractRemoteTestNG.run(AbstractRemoteTestNG.java:115)
at org.testng.remote.RemoteTestNG.initAndRun(RemoteTestNG.java:251)
at org.testng.remote.RemoteTestNG.main(RemoteTestNG.java:77)
]]>
            </full-stacktrace>
          </exception> <!-- java.lang.AssertionError -->
          <reporter-output>
          </reporter-output>
        </test-method> <!-- verifyUserLoginWithCorrectCredential -->
        <test-method is-config="true" signature="afterMethod(org.testng.ITestResult)[pri:0, instance:in.co.mercuryTravels.tests.MercuryTravelTestcases@6da21078]" started-at="2022-05-20T15:19:38 IST" name="afterMethod" finished-at="2022-05-20T15:19:40 IST" duration-ms="1149" status="PASS">
          <params>
            <param index="0">
              <value>
                <![CDATA[[TestResult name=verifyUserLoginWithCorrectCredential status=FAILURE method=MercuryTravelTestcases.verifyUserLoginWithCorrectCredential()[pri:0, instance:in.co.mercuryTravels.tests.MercuryTravelTestcases@6da21078] output={null}]]]>
              </value>
            </param>
          </params>
          <reporter-output>
          </reporter-output>
        </test-method> <!-- afterMethod -->
        <test-method is-config="true" signature="cleanUp()[pri:0, instance:in.co.mercuryTravels.tests.MercuryTravelTestcases@6da21078]" started-at="2022-05-20T15:19:40 IST" name="cleanUp" finished-at="2022-05-20T15:19:40 IST" duration-ms="388" status="PASS">
          <reporter-output>
          </reporter-output>
        </test-method> <!-- cleanUp -->
        <test-method is-config="true" signature="postCleanUp()[pri:0, instance:in.co.mercuryTravels.tests.MercuryTravelTestcases@6da21078]" started-at="2022-05-20T15:19:40 IST" name="postCleanUp" finished-at="2022-05-20T15:19:40 IST" duration-ms="302" status="PASS">
          <reporter-output>
          </reporter-output>
        </test-method> <!-- postCleanUp -->
      </class> <!-- in.co.mercuryTravels.tests.MercuryTravelTestcases -->
    </test> <!-- Default test -->
  </suite> <!-- Default suite -->
</testng-results>
